  FileManagementApp.cpp
C:\Program Files\GitHub\ADS_2023_CA2_J_L\FileManagementApp\Directory.h(81,19): warning C4267: 'return': conversion from 'size_t' to 'int', possible loss of data
  (compiling source file 'FileManagementApp.cpp')
  
C:\Program Files\GitHub\ADS_2023_CA2_J_L\FileManagementApp\XMLLoader.h(105,24): warning C4267: 'initializing': conversion from 'size_t' to 'int', possible loss of data
  (compiling source file 'FileManagementApp.cpp')
  C:\Program Files\GitHub\ADS_2023_CA2_J_L\FileManagementApp\XMLLoader.h(105,24):
  the template instantiation context (the oldest one first) is
  	C:\Program Files\GitHub\ADS_2023_CA2_J_L\FileManagementApp\FileManagementApp.cpp(66,20):
  	see reference to class template instantiation 'XMLLoader<std::string>' being compiled
  	C:\Program Files\GitHub\ADS_2023_CA2_J_L\FileManagementApp\XMLLoader.h(97,31):
  	while compiling class template member function 'void XMLLoader<std::string>::makeTree(void)'
  		C:\Program Files\GitHub\ADS_2023_CA2_J_L\FileManagementApp\FileManagementApp.cpp(69,18):
  		see the first reference to 'XMLLoader<std::string>::makeTree' in 'main'
  
C:\Program Files\GitHub\ADS_2023_CA2_J_L\FileManagementApp\XMLLoader.h(106,24): warning C4267: 'initializing': conversion from 'size_t' to 'int', possible loss of data
  (compiling source file 'FileManagementApp.cpp')
  
C:\Program Files\GitHub\ADS_2023_CA2_J_L\FileManagementApp\XMLLoader.h(120,32): warning C4267: 'initializing': conversion from 'size_t' to 'int', possible loss of data
  (compiling source file 'FileManagementApp.cpp')
  
C:\Program Files\GitHub\ADS_2023_CA2_J_L\FileManagementApp\XMLLoader.h(128,32): warning C4267: 'initializing': conversion from 'size_t' to 'int', possible loss of data
  (compiling source file 'FileManagementApp.cpp')
  
C:\Program Files\GitHub\ADS_2023_CA2_J_L\FileManagementApp\XMLLoader.h(134,20): warning C4267: 'initializing': conversion from 'size_t' to 'int', possible loss of data
  (compiling source file 'FileManagementApp.cpp')
  
C:\Program Files\GitHub\ADS_2023_CA2_J_L\FileManagementApp\XMLLoader.h(140,32): warning C4267: 'initializing': conversion from 'size_t' to 'int', possible loss of data
  (compiling source file 'FileManagementApp.cpp')
  
  FileManagementApp.vcxproj -> C:\Program Files\GitHub\ADS_2023_CA2_J_L\x64\Debug\FileManagementApp.exe
